<?xml version="1.0" encoding="UTF-8"?>
<!-- Generated by org.testng.reporters.JUnitReportReporter -->
<testsuite hostname="LAPTOP-LEVRCESO" failures="0" tests="1" name="com.hiphen.patienttests.submitQuery" time="3.130" errors="0" timestamp="2025-05-10T16:11:55 IST" skipped="0">
  <testcase classname="com.hiphen.patienttests.submitQuery" name="submittQueryyy" time="3.130"/>
</testsuite> <!-- com.hiphen.patienttests.submitQuery -->
