<?xml version="1.0" encoding="UTF-8"?>
<!-- Generated by org.testng.reporters.JUnitReportReporter -->
<testsuite hostname="LAPTOP-LEVRCESO" failures="0" tests="1" name="com.hiphen.patienttests.CreateUserAndUpdateProfile" time="7.219" errors="0" timestamp="2025-05-09T13:22:23 IST" skipped="0">
  <testcase classname="com.hiphen.patienttests.CreateUserAndUpdateProfile" name="createUserAccountAndUpdateProfile" time="7.219"/>
</testsuite> <!-- com.hiphen.patienttests.CreateUserAndUpdateProfile -->
