<?xml version="1.0" encoding="UTF-8"?>
<!-- Generated by org.testng.reporters.JUnitReportReporter -->
<testsuite hostname="LAPTOP-LEVRCESO" failures="0" tests="1" name="com.hiphen.patienttests.BookAppointment" time="7.110" errors="0" timestamp="2025-05-10T16:05:39 IST" skipped="0">
  <testcase classname="com.hiphen.patienttests.BookAppointment" name="bookappointment" time="7.110"/>
</testsuite> <!-- com.hiphen.patienttests.BookAppointment -->
