<?xml version="1.0" encoding="UTF-8"?>
<!-- Generated by org.testng.reporters.JUnitReportReporter -->
<testsuite hostname="LAPTOP-LEVRCESO" failures="0" tests="1" name="com.hiphen.patienttests.CreatePatient" time="6.237" errors="0" timestamp="2025-04-15T15:41:23 IST" skipped="0">
  <testcase classname="com.hiphen.patienttests.CreatePatient" name="createPatientAccount" time="6.237"/>
</testsuite> <!-- com.hiphen.patienttests.CreatePatient -->
