<?xml version="1.0" encoding="UTF-8"?>
<!-- Generated by org.testng.reporters.JUnitReportReporter -->
<testsuite hostname="LAPTOP-LEVRCESO" failures="0" tests="1" name="com.hiphen.admin.tests.DeleteDocSpecialization" time="15.512" errors="0" timestamp="2025-05-10T11:21:09 IST" skipped="0">
  <testcase classname="com.hiphen.admin.tests.DeleteDocSpecialization" name="deletedocspecialization" time="15.512"/>
</testsuite> <!-- com.hiphen.admin.tests.DeleteDocSpecialization -->
