<?xml version="1.0" encoding="UTF-8"?>
<!-- Generated by org.testng.reporters.JUnitReportReporter -->
<testsuite hostname="LAPTOP-LEVRCESO" failures="0" tests="1" name="com.hiphen.admin.tests.addDoctorSpecialization" time="7.984" errors="0" timestamp="2025-05-10T11:20:18 IST" skipped="0">
  <testcase classname="com.hiphen.admin.tests.addDoctorSpecialization" name="addDoctorSpecialization" time="7.984"/>
</testsuite> <!-- com.hiphen.admin.tests.addDoctorSpecialization -->
