<?xml version="1.0" encoding="UTF-8"?>
<!-- Generated by org.testng.reporters.JUnitReportReporter -->
<testsuite hostname="LAPTOP-LEVRCESO" failures="0" tests="1" name="com.hiphen.patienttests.readQueryAsAdmin" time="9.542" errors="0" timestamp="2025-05-10T10:47:15 IST" skipped="0">
  <testcase classname="com.hiphen.patienttests.readQueryAsAdmin" name="readQueryasAdmin" time="9.542"/>
</testsuite> <!-- com.hiphen.patienttests.readQueryAsAdmin -->
