<?xml version="1.0" encoding="UTF-8"?>
<!-- Generated by org.testng.reporters.JUnitReportReporter -->
<testsuite hostname="LAPTOP-LEVRCESO" failures="0" tests="1" name="com.hiphen.admin.tests.createAnDoctorAccount" time="4.710" errors="0" timestamp="2025-04-23T15:58:29 IST" skipped="0">
  <testcase classname="com.hiphen.admin.tests.createAnDoctorAccount" name="addDoctorByAdmin" time="4.710"/>
</testsuite> <!-- com.hiphen.admin.tests.createAnDoctorAccount -->
