<?xml version="1.0" encoding="UTF-8"?>
<!-- Generated by org.testng.reporters.JUnitReportReporter -->
<testsuite hostname="LAPTOP-LEVRCESO" failures="0" tests="1" name="com.hiphen.patienttests.CreateUser" time="4.667" errors="0" timestamp="2025-05-09T12:26:27 IST" skipped="0">
  <testcase classname="com.hiphen.patienttests.CreateUser" name="createPatientAccount" time="4.667"/>
</testsuite> <!-- com.hiphen.patienttests.CreateUser -->
