<?xml version="1.0" encoding="UTF-8"?>
<!-- Generated by org.testng.reporters.JUnitReportReporter -->
<testsuite hostname="LAPTOP-LEVRCESO" failures="0" tests="1" name="com.hiphen.patienttests.createUserAccountAndLogin" time="6.068" errors="0" timestamp="2025-05-10T10:42:59 IST" skipped="0">
  <testcase classname="com.hiphen.patienttests.createUserAccountAndLogin" name="createUserAccountAndLogin" time="6.068"/>
</testsuite> <!-- com.hiphen.patienttests.createUserAccountAndLogin -->
